Command line invocation:
    /Applications/Xcode.app/Contents/Developer/usr/bin/xcodebuild -project App.xcodeproj -scheme App -destination generic/platform=iOS

Resolve Package Graph


Resolved source packages:
  CapApp-SPM: /Users/mertmac/Desktop/fitcheck/ios/App/CapApp-SPM @ local
  capacitor-swift-pm: https://github.com/ionic-team/capacitor-swift-pm.git @ 8.1.0
  CapacitorPreferences: /Users/mertmac/Desktop/fitcheck/node_modules/@capacitor/preferences @ local
  PurchasesHybridCommon: https://github.com/RevenueCat/purchases-hybrid-common.git @ 17.40.0
  CapacitorSplashScreen: /Users/mertmac/Desktop/fitcheck/node_modules/@capacitor/splash-screen @ local
  RevenueCat: https://github.com/RevenueCat/purchases-ios-spm @ 5.59.0
  CapacitorStatusBar: /Users/mertmac/Desktop/fitcheck/node_modules/@capacitor/status-bar @ local
  CapacitorKeyboard: /Users/mertmac/Desktop/fitcheck/node_modules/@capacitor/keyboard @ local
  CapacitorCommunityAppleSignIn: /Users/mertmac/Desktop/fitcheck/node_modules/@capacitor-community/apple-sign-in @ local
  CapacitorShare: /Users/mertmac/Desktop/fitcheck/node_modules/@capacitor/share @ local
  CapacitorApp: /Users/mertmac/Desktop/fitcheck/node_modules/@capacitor/app @ local
  CapacitorBrowser: /Users/mertmac/Desktop/fitcheck/node_modules/@capacitor/browser @ local
  RevenuecatPurchasesCapacitor: /Users/mertmac/Desktop/fitcheck/node_modules/@revenuecat/purchases-capacitor @ local

ComputePackagePrebuildTargetDependencyGraph

Prepare packages

CreateBuildRequest

SendProjectDescription

CreateBuildOperation

ComputeTargetDependencyGraph
note: Building targets in dependency order
note: Target dependency graph (28 targets)
    Target 'App' in project 'App'
        ➜ Explicit dependency on target 'CapApp-SPM' in project 'CapApp-SPM'
    Target 'CapApp-SPM' in project 'CapApp-SPM'
        ➜ Explicit dependency on target 'CapApp-SPM' in project 'CapApp-SPM'
        ➜ Explicit dependency on target 'Capacitor' in project 'capacitor-swift-pm'
        ➜ Explicit dependency on target 'Cordova' in project 'capacitor-swift-pm'
        ➜ Explicit dependency on target 'CapacitorCommunityAppleSignIn' in project 'CapacitorCommunityAppleSignIn'
        ➜ Explicit dependency on target 'CapacitorApp' in project 'CapacitorApp'
        ➜ Explicit dependency on target 'CapacitorBrowser' in project 'CapacitorBrowser'
        ➜ Explicit dependency on target 'CapacitorKeyboard' in project 'CapacitorKeyboard'
        ➜ Explicit dependency on target 'CapacitorPreferences' in project 'CapacitorPreferences'
        ➜ Explicit dependency on target 'CapacitorShare' in project 'CapacitorShare'
        ➜ Explicit dependency on target 'CapacitorSplashScreen' in project 'CapacitorSplashScreen'
        ➜ Explicit dependency on target 'CapacitorStatusBar' in project 'CapacitorStatusBar'
        ➜ Explicit dependency on target 'RevenuecatPurchasesCapacitor' in project 'RevenuecatPurchasesCapacitor'
    Target 'CapApp-SPM' in project 'CapApp-SPM'
        ➜ Explicit dependency on target 'Capacitor' in project 'capacitor-swift-pm'
        ➜ Explicit dependency on target 'Cordova' in project 'capacitor-swift-pm'
        ➜ Explicit dependency on target 'CapacitorCommunityAppleSignIn' in project 'CapacitorCommunityAppleSignIn'
        ➜ Explicit dependency on target 'CapacitorApp' in project 'CapacitorApp'
        ➜ Explicit dependency on target 'CapacitorBrowser' in project 'CapacitorBrowser'
        ➜ Explicit dependency on target 'CapacitorKeyboard' in project 'CapacitorKeyboard'
        ➜ Explicit dependency on target 'CapacitorPreferences' in project 'CapacitorPreferences'
        ➜ Explicit dependency on target 'CapacitorShare' in project 'CapacitorShare'
        ➜ Explicit dependency on target 'CapacitorSplashScreen' in project 'CapacitorSplashScreen'
        ➜ Explicit dependency on target 'CapacitorStatusBar' in project 'CapacitorStatusBar'
        ➜ Explicit dependency on target 'RevenuecatPurchasesCapacitor' in project 'RevenuecatPurchasesCapacitor'
    Target 'RevenuecatPurchasesCapacitor' in project 'RevenuecatPurchasesCapacitor'
        ➜ Explicit dependency on target 'RevenuecatPurchasesCapacitor' in project 'RevenuecatPurchasesCapacitor'
        ➜ Explicit dependency on target 'Capacitor' in project 'capacitor-swift-pm'
        ➜ Explicit dependency on target 'Cordova' in project 'capacitor-swift-pm'
        ➜ Explicit dependency on target 'PurchasesHybridCommon' in project 'PurchasesHybridCommon'
    Target 'RevenuecatPurchasesCapacitor' in project 'RevenuecatPurchasesCapacitor'
        ➜ Explicit dependency on target 'Capacitor' in project 'capacitor-swift-pm'
        ➜ Explicit dependency on target 'Cordova' in project 'capacitor-swift-pm'
        ➜ Explicit dependency on target 'PurchasesHybridCommon' in project 'PurchasesHybridCommon'
    Target 'PurchasesHybridCommon' in project 'PurchasesHybridCommon'
        ➜ Explicit dependency on target 'PurchasesHybridCommon' in project 'PurchasesHybridCommon'
        ➜ Explicit dependency on target 'RevenueCat' in project 'RevenueCat'
    Target 'PurchasesHybridCommon' in project 'PurchasesHybridCommon'
        ➜ Explicit dependency on target 'RevenueCat' in project 'RevenueCat'
    Target 'RevenueCat' in project 'RevenueCat'
        ➜ Explicit dependency on target 'RevenueCat' in project 'RevenueCat'
        ➜ Explicit dependency on target 'RevenueCat_RevenueCat' in project 'RevenueCat'
    Target 'RevenueCat' in project 'RevenueCat'
        ➜ Explicit dependency on target 'RevenueCat_RevenueCat' in project 'RevenueCat'
    Target 'RevenueCat_RevenueCat' in project 'RevenueCat' (no dependencies)
    Target 'CapacitorStatusBar' in project 'CapacitorStatusBar'
        ➜ Explicit dependency on target 'StatusBarPlugin' in project 'CapacitorStatusBar'
        ➜ Explicit dependency on target 'Capacitor' in project 'capacitor-swift-pm'
        ➜ Explicit dependency on target 'Cordova' in project 'capacitor-swift-pm'
    Target 'StatusBarPlugin' in project 'CapacitorStatusBar'
        ➜ Explicit dependency on target 'Capacitor' in project 'capacitor-swift-pm'
        ➜ Explicit dependency on target 'Cordova' in project 'capacitor-swift-pm'
    Target 'CapacitorSplashScreen' in project 'CapacitorSplashScreen'
        ➜ Explicit dependency on target 'SplashScreenPlugin' in project 'CapacitorSplashScreen'
        ➜ Explicit dependency on target 'Capacitor' in project 'capacitor-swift-pm'
        ➜ Explicit dependency on target 'Cordova' in project 'capacitor-swift-pm'
    Target 'SplashScreenPlugin' in project 'CapacitorSplashScreen'
        ➜ Explicit dependency on target 'Capacitor' in project 'capacitor-swift-pm'
        ➜ Explicit dependency on target 'Cordova' in project 'capacitor-swift-pm'
    Target 'CapacitorShare' in project 'CapacitorShare'
        ➜ Explicit dependency on target 'SharePlugin' in project 'CapacitorShare'
        ➜ Explicit dependency on target 'Capacitor' in project 'capacitor-swift-pm'
        ➜ Explicit dependency on target 'Cordova' in project 'capacitor-swift-pm'
    Target 'SharePlugin' in project 'CapacitorShare'
        ➜ Explicit dependency on target 'Capacitor' in project 'capacitor-swift-pm'
        ➜ Explicit dependency on target 'Cordova' in project 'capacitor-swift-pm'
    Target 'CapacitorPreferences' in project 'CapacitorPreferences'
        ➜ Explicit dependency on target 'PreferencesPlugin' in project 'CapacitorPreferences'
        ➜ Explicit dependency on target 'Capacitor' in project 'capacitor-swift-pm'
        ➜ Explicit dependency on target 'Cordova' in project 'capacitor-swift-pm'
    Target 'PreferencesPlugin' in project 'CapacitorPreferences'
        ➜ Explicit dependency on target 'Capacitor' in project 'capacitor-swift-pm'
        ➜ Explicit dependency on target 'Cordova' in project 'capacitor-swift-pm'
    Target 'CapacitorKeyboard' in project 'CapacitorKeyboard'
        ➜ Explicit dependency on target 'KeyboardPlugin' in project 'CapacitorKeyboard'
        ➜ Explicit dependency on target 'Capacitor' in project 'capacitor-swift-pm'
        ➜ Explicit dependency on target 'Cordova' in project 'capacitor-swift-pm'
    Target 'KeyboardPlugin' in project 'CapacitorKeyboard'
        ➜ Explicit dependency on target 'Capacitor' in project 'capacitor-swift-pm'
        ➜ Explicit dependency on target 'Cordova' in project 'capacitor-swift-pm'
    Target 'CapacitorBrowser' in project 'CapacitorBrowser'
        ➜ Explicit dependency on target 'BrowserPlugin' in project 'CapacitorBrowser'
        ➜ Explicit dependency on target 'Capacitor' in project 'capacitor-swift-pm'
        ➜ Explicit dependency on target 'Cordova' in project 'capacitor-swift-pm'
    Target 'BrowserPlugin' in project 'CapacitorBrowser'
        ➜ Explicit dependency on target 'Capacitor' in project 'capacitor-swift-pm'
        ➜ Explicit dependency on target 'Cordova' in project 'capacitor-swift-pm'
    Target 'CapacitorApp' in project 'CapacitorApp'
        ➜ Explicit dependency on target 'AppPlugin' in project 'CapacitorApp'
        ➜ Explicit dependency on target 'Capacitor' in project 'capacitor-swift-pm'
        ➜ Explicit dependency on target 'Cordova' in project 'capacitor-swift-pm'
    Target 'AppPlugin' in project 'CapacitorApp'
        ➜ Explicit dependency on target 'Capacitor' in project 'capacitor-swift-pm'
        ➜ Explicit dependency on target 'Cordova' in project 'capacitor-swift-pm'
    Target 'CapacitorCommunityAppleSignIn' in project 'CapacitorCommunityAppleSignIn'
        ➜ Explicit dependency on target 'SignInWithApple' in project 'CapacitorCommunityAppleSignIn'
        ➜ Explicit dependency on target 'Capacitor' in project 'capacitor-swift-pm'
        ➜ Explicit dependency on target 'Cordova' in project 'capacitor-swift-pm'
    Target 'SignInWithApple' in project 'CapacitorCommunityAppleSignIn'
        ➜ Explicit dependency on target 'Capacitor' in project 'capacitor-swift-pm'
        ➜ Explicit dependency on target 'Cordova' in project 'capacitor-swift-pm'
    Target 'Cordova' in project 'capacitor-swift-pm' (no dependencies)
    Target 'Capacitor' in project 'capacitor-swift-pm' (no dependencies)

GatherProvisioningInputs

CreateBuildDescription

ClangStatCache /Applications/Xcode.app/Contents/Developer/Toolchains/XcodeDefault.xctoolchain/usr/bin/clang-stat-cache /Applications/Xcode.app/Contents/Developer/Platforms/iPhoneOS.platform/Developer/SDKs/iPhoneOS26.2.sdk /Users/mertmac/Library/Developer/Xcode/DerivedData/SDKStatCaches.noindex/iphoneos26.2-23C53-3794476bd08197c3e2abd9bb477ef7f7.sdkstatcache
    cd /Users/mertmac/Desktop/fitcheck/ios/App/App.xcodeproj
    /Applications/Xcode.app/Contents/Developer/Toolchains/XcodeDefault.xctoolchain/usr/bin/clang-stat-cache /Applications/Xcode.app/Contents/Developer/Platforms/iPhoneOS.platform/Developer/SDKs/iPhoneOS26.2.sdk -o /Users/mertmac/Library/Developer/Xcode/DerivedData/SDKStatCaches.noindex/iphoneos26.2-23C53-3794476bd08197c3e2abd9bb477ef7f7.sdkstatcache

Copy /Users/mertmac/Library/Developer/Xcode/DerivedData/App-dkncqeipfyfpytevxxnhqafdiqxv/Build/Products/Debug-iphoneos/App.app/RevenueCat_RevenueCat.bundle /Users/mertmac/Library/Developer/Xcode/DerivedData/App-dkncqeipfyfpytevxxnhqafdiqxv/Build/Products/Debug-iphoneos/RevenueCat_RevenueCat.bundle (in target 'App' from project 'App')
    cd /Users/mertmac/Desktop/fitcheck/ios/App
    builtin-copy -exclude .DS_Store -exclude CVS -exclude .svn -exclude .git -exclude .hg -resolve-src-symlinks /Users/mertmac/Library/Developer/Xcode/DerivedData/App-dkncqeipfyfpytevxxnhqafdiqxv/Build/Products/Debug-iphoneos/RevenueCat_RevenueCat.bundle /Users/mertmac/Library/Developer/Xcode/DerivedData/App-dkncqeipfyfpytevxxnhqafdiqxv/Build/Products/Debug-iphoneos/App.app

ProcessInfoPlistFile /Users/mertmac/Library/Developer/Xcode/DerivedData/App-dkncqeipfyfpytevxxnhqafdiqxv/Build/Products/Debug-iphoneos/App.app/Info.plist /Users/mertmac/Desktop/fitcheck/ios/App/App/Info.plist (in target 'App' from project 'App')
    cd /Users/mertmac/Desktop/fitcheck/ios/App
    builtin-infoPlistUtility /Users/mertmac/Desktop/fitcheck/ios/App/App/Info.plist -producttype com.apple.product-type.application -genpkginfo /Users/mertmac/Library/Developer/Xcode/DerivedData/App-dkncqeipfyfpytevxxnhqafdiqxv/Build/Products/Debug-iphoneos/App.app/PkgInfo -expandbuildsettings -format binary -platform iphoneos -additionalcontentfile /Users/mertmac/Library/Developer/Xcode/DerivedData/App-dkncqeipfyfpytevxxnhqafdiqxv/Build/Intermediates.noindex/App.build/Debug-iphoneos/App.build/Base.lproj/LaunchScreen-SBPartialInfo.plist -additionalcontentfile /Users/mertmac/Library/Developer/Xcode/DerivedData/App-dkncqeipfyfpytevxxnhqafdiqxv/Build/Intermediates.noindex/App.build/Debug-iphoneos/App.build/Base.lproj/Main-SBPartialInfo.plist -additionalcontentfile /Users/mertmac/Library/Developer/Xcode/DerivedData/App-dkncqeipfyfpytevxxnhqafdiqxv/Build/Intermediates.noindex/App.build/Debug-iphoneos/App.build/assetcatalog_generated_info.plist -scanforprivacyfile /Users/mertmac/Library/Developer/Xcode/DerivedData/App-dkncqeipfyfpytevxxnhqafdiqxv/Build/Products/Debug-iphoneos/App.app/Frameworks/Capacitor.framework -scanforprivacyfile /Users/mertmac/Library/Developer/Xcode/DerivedData/App-dkncqeipfyfpytevxxnhqafdiqxv/Build/Products/Debug-iphoneos/App.app/Frameworks/Cordova.framework -scanforprivacyfile /Users/mertmac/Library/Developer/Xcode/DerivedData/App-dkncqeipfyfpytevxxnhqafdiqxv/Build/Products/Debug-iphoneos/App.app/RevenueCat_RevenueCat.bundle -requiredArchitecture arm64 -o /Users/mertmac/Library/Developer/Xcode/DerivedData/App-dkncqeipfyfpytevxxnhqafdiqxv/Build/Products/Debug-iphoneos/App.app/Info.plist

** BUILD SUCCEEDED **

